Base path: 'C:/Program Files/Unity/Hub/Editor/2019.4.35f1/Editor/Data', plugins path 'C:/Program Files/Unity/Hub/Editor/2019.4.35f1/Editor/Data/PlaybackEngines'
Cmd: initializeCompiler
Cmd: compileComputeKernel
  api=4 insize=9421 outsize=8722 ok=1
Cmd: compileComputeKernel
  api=9 insize=5188 outsize=10915 ok=1
Cmd: compileComputeKernel
  api=4 insize=3420 outsize=47768 ok=1
Cmd: compileComputeKernel
  api=4 insize=2953 outsize=375 ok=1
Cmd: initializeCompiler
Cmd: compileComputeKernel
  api=4 insize=18337 outsize=8653 ok=1
Cmd: compileComputeKernel
  api=4 insize=18337 outsize=10507 ok=1
Cmd: compileComputeKernel
  api=9 insize=5017 outsize=8597 ok=1
Cmd: compileComputeKernel
  api=4 insize=2098 outsize=1005 ok=1
Cmd: shutdown

Quitting shader compiler process
